# JRE version: OpenJDK Runtime Environment Temurin-11.0.12+7 (11.0.12+7) (build 11.0.12+7)
# Java VM: OpenJDK 64-Bit Server VM Temurin-11.0.12+7 (11.0.12+7, mixed mode, tiered, compressed oops, g1 gc, linux-amd64)
Heap:
 garbage-first heap   total 190464K, used 21613K [0x0000000746a00000, 0x0000000800000000)
  region size 1024K, 23 young (23552K), 8 survivors (8192K)
 Metaspace       used 39983K, capacity 40950K, committed 41264K, reserved 1085440K
  class space    used 4596K, capacity 5070K, committed 5168K, reserved 1048576K
GC Heap History (6 events):
Event: 1.090 GC heap before
{Heap before GC invocations=0 (full 0):
 garbage-first heap   total 190464K, used 23552K [0x0000000746a00000, 0x0000000800000000)
  region size 1024K, 24 young (24576K), 0 survivors (0K)
 Metaspace       used 13852K, capacity 13984K, committed 14464K, reserved 1062912K
  class space    used 1264K, capacity 1316K, committed 1408K, reserved 1048576K
}
Event: 1.107 GC heap after
{Heap after GC invocations=1 (full 0):
 garbage-first heap   total 190464K, used 2456K [0x0000000746a00000, 0x0000000800000000)
  region size 1024K, 3 young (3072K), 3 survivors (3072K)
 Metaspace       used 13852K, capacity 13984K, committed 14464K, reserved 1062912K
  class space    used 1264K, capacity 1316K, committed 1408K, reserved 1048576K
}
Event: 1.965 GC heap before
{Heap before GC invocations=1 (full 0):
 garbage-first heap   total 190464K, used 17816K [0x0000000746a00000, 0x0000000800000000)
  region size 1024K, 20 young (20480K), 3 survivors (3072K)
 Metaspace       used 20772K, capacity 20915K, committed 21296K, reserved 1069056K
  class space    used 2218K, capacity 2310K, committed 2352K, reserved 1048576K
}
Event: 1.978 GC heap after
{Heap after GC invocations=2 (full 0):
 garbage-first heap   total 190464K, used 3928K [0x0000000746a00000, 0x0000000800000000)
  region size 1024K, 4 young (4096K), 4 survivors (4096K)
 Metaspace       used 20772K, capacity 20915K, committed 21296K, reserved 1069056K
  class space    used 2218K, capacity 2310K, committed 2352K, reserved 1048576K
}
Event: 3.567 GC heap before
{Heap before GC invocations=3 (full 0):
 garbage-first heap   total 190464K, used 41816K [0x0000000746a00000, 0x0000000800000000)
  region size 1024K, 42 young (43008K), 4 survivors (4096K)
 Metaspace       used 35054K, capacity 35632K, committed 35888K, reserved 1081344K
  class space    used 3979K, capacity 4272K, committed 4400K, reserved 1048576K
}
Event: 3.578 GC heap after
{Heap after GC invocations=4 (full 0):
 garbage-first heap   total 190464K, used 7277K [0x0000000746a00000, 0x0000000800000000)
  region size 1024K, 8 young (8192K), 8 survivors (8192K)
 Metaspace       used 35054K, capacity 35632K, committed 35888K, reserved 1081344K
  class space    used 3979K, capacity 4272K, committed 4400K, reserved 1048576K
}

